[debug] [2021-11-26T13:19:36.748Z] ----------------------------------------------------------------------
[debug] [2021-11-26T13:19:36.751Z] Command:       C:\Program Files\nodejs\node.exe C:\Users\shumo\AppData\Roaming\npm\node_modules\firebase-tools\lib\bin\firebase.js deploy
[debug] [2021-11-26T13:19:36.751Z] CLI Version:   9.23.0
[debug] [2021-11-26T13:19:36.751Z] Platform:      win32
[debug] [2021-11-26T13:19:36.751Z] Node Version:  v16.13.0
[debug] [2021-11-26T13:19:36.752Z] Time:          Fri Nov 26 2021 19:19:36 GMT+0600 (Bangladesh Standard Time)
[debug] [2021-11-26T13:19:36.752Z] ----------------------------------------------------------------------
[debug] 
[debug] [2021-11-26T13:19:36.807Z] > command requires scopes: ["email","openid","https://www.googleapis.com/auth/cloudplatformprojects.readonly","https://www.googleapis.com/auth/firebase","https://www.googleapis.com/auth/cloud-platform"]
[debug] [2021-11-26T13:19:36.807Z] > authorizing via signed-in user (shumonshihab62@gmail.com)
[debug] [2021-11-26T13:19:36.808Z] [iam] checking project wivo-4bda2 for permissions ["firebase.projects.get","firebasehosting.sites.update"]
[debug] [2021-11-26T13:19:36.810Z] > refreshing access token with scopes: ["email","https://www.googleapis.com/auth/cloud-platform","https://www.googleapis.com/auth/cloudplatformprojects.readonly","https://www.googleapis.com/auth/firebase","openid"]
[debug] [2021-11-26T13:19:36.810Z] >>> HTTP REQUEST POST https://www.googleapis.com/oauth2/v3/token  
 <request body omitted>
[debug] [2021-11-26T13:19:37.108Z] <<< HTTP RESPONSE 200 {"date":"Fri, 26 Nov 2021 13:19:40 GMT","expires":"Mon, 01 Jan 1990 00:00:00 GMT","pragma":"no-cache","cache-control":"no-cache, no-store, max-age=0, must-revalidate","content-type":"application/json; charset=utf-8","vary":"X-Origin, Referer, Origin,Accept-Encoding","server":"scaffolding on HTTPServer2","x-xss-protection":"0","x-frame-options":"SAMEORIGIN","x-content-type-options":"nosniff","alt-svc":"h3=\":443\"; ma=2592000,h3-29=\":443\"; ma=2592000,h3-Q050=\":443\"; ma=2592000,h3-Q046=\":443\"; ma=2592000,h3-Q043=\":443\"; ma=2592000,quic=\":443\"; ma=2592000; v=\"46,43\"","accept-ranges":"none","transfer-encoding":"chunked"}
[debug] [2021-11-26T13:19:37.127Z] >>> HTTP REQUEST POST https://cloudresourcemanager.googleapis.com/v1/projects/wivo-4bda2:testIamPermissions  
 {"permissions":["firebase.projects.get","firebasehosting.sites.update"]}
[debug] [2021-11-26T13:19:38.871Z] <<< HTTP RESPONSE 200 {"content-type":"application/json; charset=UTF-8","vary":"X-Origin, Referer, Origin,Accept-Encoding","date":"Fri, 26 Nov 2021 13:19:42 GMT","server":"ESF","cache-control":"private","x-xss-protection":"0","x-frame-options":"SAMEORIGIN","x-content-type-options":"nosniff","server-timing":"gfet4t7; dur=1205","alt-svc":"h3=\":443\"; ma=2592000,h3-29=\":443\"; ma=2592000,h3-Q050=\":443\"; ma=2592000,h3-Q046=\":443\"; ma=2592000,h3-Q043=\":443\"; ma=2592000,quic=\":443\"; ma=2592000; v=\"46,43\"","accept-ranges":"none","transfer-encoding":"chunked"}
[debug] [2021-11-26T13:19:38.874Z] > refreshing access token with scopes: []
[debug] [2021-11-26T13:19:38.875Z] >>> HTTP REQUEST POST https://www.googleapis.com/oauth2/v3/token  
 <request body omitted>
[debug] [2021-11-26T13:19:39.050Z] <<< HTTP RESPONSE 200 {"pragma":"no-cache","expires":"Mon, 01 Jan 1990 00:00:00 GMT","cache-control":"no-cache, no-store, max-age=0, must-revalidate","date":"Fri, 26 Nov 2021 13:19:42 GMT","content-type":"application/json; charset=utf-8","vary":"X-Origin, Referer, Origin,Accept-Encoding","server":"scaffolding on HTTPServer2","x-xss-protection":"0","x-frame-options":"SAMEORIGIN","x-content-type-options":"nosniff","alt-svc":"h3=\":443\"; ma=2592000,h3-29=\":443\"; ma=2592000,h3-Q050=\":443\"; ma=2592000,h3-Q046=\":443\"; ma=2592000,h3-Q043=\":443\"; ma=2592000,quic=\":443\"; ma=2592000; v=\"46,43\"","accept-ranges":"none","transfer-encoding":"chunked"}
[debug] [2021-11-26T13:19:39.065Z] >>> [apiv2][query] GET https://firebase.googleapis.com/v1beta1/projects/wivo-4bda2 [none]
[debug] [2021-11-26T13:19:39.526Z] <<< [apiv2][status] GET https://firebase.googleapis.com/v1beta1/projects/wivo-4bda2 200
[debug] [2021-11-26T13:19:39.526Z] <<< [apiv2][body] GET https://firebase.googleapis.com/v1beta1/projects/wivo-4bda2 {"projectId":"wivo-4bda2","projectNumber":"689259661962","displayName":"wivo","name":"projects/wivo-4bda2","resources":{"hostingSite":"wivo-4bda2"},"state":"ACTIVE"}
[info] 
[info] === Deploying to 'wivo-4bda2'...
[info] 
[info] i  deploying hosting 
[debug] [2021-11-26T13:19:39.531Z] > refreshing access token with scopes: ["email","https://www.googleapis.com/auth/cloud-platform","https://www.googleapis.com/auth/cloudplatformprojects.readonly","https://www.googleapis.com/auth/firebase","openid"]
[debug] [2021-11-26T13:19:39.531Z] >>> HTTP REQUEST POST https://www.googleapis.com/oauth2/v3/token  
 <request body omitted>
[debug] [2021-11-26T13:19:39.694Z] <<< HTTP RESPONSE 200 {"expires":"Mon, 01 Jan 1990 00:00:00 GMT","date":"Fri, 26 Nov 2021 13:19:43 GMT","cache-control":"no-cache, no-store, max-age=0, must-revalidate","pragma":"no-cache","content-type":"application/json; charset=utf-8","vary":"X-Origin, Referer, Origin,Accept-Encoding","server":"scaffolding on HTTPServer2","x-xss-protection":"0","x-frame-options":"SAMEORIGIN","x-content-type-options":"nosniff","alt-svc":"h3=\":443\"; ma=2592000,h3-29=\":443\"; ma=2592000,h3-Q050=\":443\"; ma=2592000,h3-Q046=\":443\"; ma=2592000,h3-Q043=\":443\"; ma=2592000,quic=\":443\"; ma=2592000; v=\"46,43\"","accept-ranges":"none","transfer-encoding":"chunked"}
[debug] [2021-11-26T13:19:39.704Z] >>> HTTP REQUEST POST https://firebasehosting.googleapis.com/v1beta1/sites/wivo-4bda2/versions  
 {"config":{"rewrites":[{"glob":"**","path":"/index.html"}]},"labels":{"deployment-tool":"cli-firebase"}}
[debug] [2021-11-26T13:19:41.630Z] <<< HTTP RESPONSE 200 {"content-type":"application/json; charset=UTF-8","vary":"X-Origin, Referer, Origin,Accept-Encoding","date":"Fri, 26 Nov 2021 13:19:45 GMT","server":"ESF","cache-control":"private","x-xss-protection":"0","x-frame-options":"SAMEORIGIN","x-content-type-options":"nosniff","alt-svc":"h3=\":443\"; ma=2592000,h3-29=\":443\"; ma=2592000,h3-Q050=\":443\"; ma=2592000,h3-Q046=\":443\"; ma=2592000,h3-Q043=\":443\"; ma=2592000,quic=\":443\"; ma=2592000; v=\"46,43\"","accept-ranges":"none","transfer-encoding":"chunked"}
[info] i  hosting[wivo-4bda2]: beginning deploy... 
[info] i  hosting[wivo-4bda2]: found 25 files in build 
[debug] [2021-11-26T13:19:42.008Z] > refreshing access token with scopes: []
[debug] [2021-11-26T13:19:42.009Z] >>> HTTP REQUEST POST https://www.googleapis.com/oauth2/v3/token  
 <request body omitted>
[debug] [2021-11-26T13:19:42.010Z] [hosting] hash cache [YnVpbGQ] stored for 25 files
[debug] [2021-11-26T13:19:42.011Z] [hosting][hash queue][FINAL] {"max":348,"min":5,"avg":24.04,"active":0,"complete":25,"success":25,"errored":0,"retried":0,"total":25,"elapsed":355}
[debug] [2021-11-26T13:19:42.440Z] <<< HTTP RESPONSE 200 {"pragma":"no-cache","cache-control":"no-cache, no-store, max-age=0, must-revalidate","date":"Fri, 26 Nov 2021 13:19:46 GMT","expires":"Mon, 01 Jan 1990 00:00:00 GMT","content-type":"application/json; charset=utf-8","vary":"X-Origin, Referer, Origin,Accept-Encoding","server":"scaffolding on HTTPServer2","x-xss-protection":"0","x-frame-options":"SAMEORIGIN","x-content-type-options":"nosniff","alt-svc":"h3=\":443\"; ma=2592000,h3-29=\":443\"; ma=2592000,h3-Q050=\":443\"; ma=2592000,h3-Q046=\":443\"; ma=2592000,h3-Q043=\":443\"; ma=2592000,quic=\":443\"; ma=2592000; v=\"46,43\"","accept-ranges":"none","transfer-encoding":"chunked"}
[debug] [2021-11-26T13:19:42.464Z] >>> [apiv2][query] POST https://firebasehosting.googleapis.com/v1beta1/sites/wivo-4bda2/versions/e92d0cf878209958:populateFiles [none]
[debug] [2021-11-26T13:19:42.465Z] >>> [apiv2][body] POST https://firebasehosting.googleapis.com/v1beta1/sites/wivo-4bda2/versions/e92d0cf878209958:populateFiles {"files":{"/favicon.ico":"eae62e993eb980ec8a25058c39d5a51feab118bd2100c4deebb2a9c158ec11f9","/logo192.png":"3ee59515172ee198f3be375979df15ac5345183e656720a381b8872b2a39dc8b","/logo512.png":"ee7e2f3fdb8209c4b6fd7bef6ba50d1b9dba30a25bb5c3126df057e1cb6f5331","/manifest.json":"aff3449bdc238776f5d6d967f19ec491b36aed5fb7f23ccff6500736fd58494a","/products.json":"46b50c321b39e89a491b6727a01628c34245605a30beb3e7414c5e01cff90e6e","/robots.txt":"bfe106a3fb878dc83461c86818bf74fc1bdc7f28538ba613cd3e775516ce8b49","/asset-manifest.json":"0e9d94d97cb0960f10f203d533edc09afc3fabd59d6de53b28617f877046d1ad","/index.html":"a42043d5b593eea06a5c9d931ee134545720cc26e50a4791fbfff022966e12be","/static/css/2.165ff965.chunk.css":"5c1797392ed8ad280903aff0d21cea86bdf64736f55ef83f64e05b26868e98fb","/static/css/main.fae37cec.chunk.css":"f1834d472361901a08adc249e329de49ef76b3f3c188c48f31187dc48c098a7c","/static/css/2.165ff965.chunk.css.map":"c8d206c68067a0cef562433e79488c522e1dcb5b5098faeacd44926eb169acc4","/static/css/main.fae37cec.chunk.css.map":"47c8b2a4578c733eda4144365fac6bf0f212ac856d6072bd912c01220db7047a","/static/js/2.665b04ca.chunk.js.LICENSE.txt":"4a87e1b0b5a5f663eb725b77a000843edc9bdb31df6f43c1b4a35a59154f717d","/static/js/3.1b6e598d.chunk.js":"431bc5b70e11d06d3a32b3ebaf99ecbde23100e357c4909d44f10bf813e10d34","/static/js/3.1b6e598d.chunk.js.map":"9223cd6d137c51e954b4ec349d2a10ee3f73aff622965906aac08c927a92b743","/static/js/main.d25f0e85.chunk.js":"71131d24ed5cb1b767c2d014b9d70d75e48dd4e7ce62317d88437dd9fb3179cf","/static/js/runtime-main.b50e0310.js":"5cb6f27b94b88881f95db7aa3409dfe15aec58823d2b66b706945e31d080cb22","/static/js/runtime-main.b50e0310.js.map":"1172afe0c9a81e20cf6b11ff002bcb4acf69c35040460e8cea19ab753e0d3673","/static/media/slick.2630a3e3.svg":"d00477d40ed40fa1dd3bdee27d9286804121b15fea83bae7d5415d902b055de0","/static/media/slick.29518378.woff":"029a727c9e1081d2f9e1015f02f18da88f268512ea4f58589a6f17f532928530","/static/media/slick.a4e97f5a.eot":"52b9a169969e053d43df6bd21c4dc789c2518d99afd8590a17ef50cd24c77cf6","/static/media/slick.c94f7671.ttf":"6aad751007cf9a89350af287f824ab64f096c472c7c9c679fb3d55b6174fc004","/static/js/main.d25f0e85.chunk.js.map":"acb8cf238b24322914d30ec832461f2399916a8866ba19c25873278978b1981a","/static/js/2.665b04ca.chunk.js":"feefd63e3715e586b38343dd470789b740dcf278b4c6f820f8518f9a7a6ba739","/static/js/2.665b04ca.chunk.js.map":"cd5ddb9aaf506b3a780bec412e6cfea77a202c75e83310db7860d5d57f941ffa"}}
[debug] [2021-11-26T13:19:44.163Z] <<< [apiv2][status] POST https://firebasehosting.googleapis.com/v1beta1/sites/wivo-4bda2/versions/e92d0cf878209958:populateFiles 200
[debug] [2021-11-26T13:19:44.163Z] <<< [apiv2][body] POST https://firebasehosting.googleapis.com/v1beta1/sites/wivo-4bda2/versions/e92d0cf878209958:populateFiles {"uploadRequiredHashes":["cd5ddb9aaf506b3a780bec412e6cfea77a202c75e83310db7860d5d57f941ffa","acb8cf238b24322914d30ec832461f2399916a8866ba19c25873278978b1981a","0e9d94d97cb0960f10f203d533edc09afc3fabd59d6de53b28617f877046d1ad","9223cd6d137c51e954b4ec349d2a10ee3f73aff622965906aac08c927a92b743","71131d24ed5cb1b767c2d014b9d70d75e48dd4e7ce62317d88437dd9fb3179cf","a42043d5b593eea06a5c9d931ee134545720cc26e50a4791fbfff022966e12be","feefd63e3715e586b38343dd470789b740dcf278b4c6f820f8518f9a7a6ba739"],"uploadUrl":"https://upload-firebasehosting.googleapis.com/upload/sites/wivo-4bda2/versions/e92d0cf878209958/files"}
[debug] [2021-11-26T13:19:44.164Z] >>> [apiv2][query] POST https://upload-firebasehosting.googleapis.com/upload/sites/wivo-4bda2/versions/e92d0cf878209958/files/cd5ddb9aaf506b3a780bec412e6cfea77a202c75e83310db7860d5d57f941ffa [none]
[debug] [2021-11-26T13:19:44.164Z] >>> [apiv2][body] POST https://upload-firebasehosting.googleapis.com/upload/sites/wivo-4bda2/versions/e92d0cf878209958/files/cd5ddb9aaf506b3a780bec412e6cfea77a202c75e83310db7860d5d57f941ffa [stream]
[debug] [2021-11-26T13:19:44.166Z] >>> [apiv2][query] POST https://upload-firebasehosting.googleapis.com/upload/sites/wivo-4bda2/versions/e92d0cf878209958/files/acb8cf238b24322914d30ec832461f2399916a8866ba19c25873278978b1981a [none]
[debug] [2021-11-26T13:19:44.166Z] >>> [apiv2][body] POST https://upload-firebasehosting.googleapis.com/upload/sites/wivo-4bda2/versions/e92d0cf878209958/files/acb8cf238b24322914d30ec832461f2399916a8866ba19c25873278978b1981a [stream]
[debug] [2021-11-26T13:19:44.167Z] >>> [apiv2][query] POST https://upload-firebasehosting.googleapis.com/upload/sites/wivo-4bda2/versions/e92d0cf878209958/files/0e9d94d97cb0960f10f203d533edc09afc3fabd59d6de53b28617f877046d1ad [none]
[debug] [2021-11-26T13:19:44.167Z] >>> [apiv2][body] POST https://upload-firebasehosting.googleapis.com/upload/sites/wivo-4bda2/versions/e92d0cf878209958/files/0e9d94d97cb0960f10f203d533edc09afc3fabd59d6de53b28617f877046d1ad [stream]
[debug] [2021-11-26T13:19:44.168Z] >>> [apiv2][query] POST https://upload-firebasehosting.googleapis.com/upload/sites/wivo-4bda2/versions/e92d0cf878209958/files/9223cd6d137c51e954b4ec349d2a10ee3f73aff622965906aac08c927a92b743 [none]
[debug] [2021-11-26T13:19:44.168Z] >>> [apiv2][body] POST https://upload-firebasehosting.googleapis.com/upload/sites/wivo-4bda2/versions/e92d0cf878209958/files/9223cd6d137c51e954b4ec349d2a10ee3f73aff622965906aac08c927a92b743 [stream]
[debug] [2021-11-26T13:19:44.168Z] >>> [apiv2][query] POST https://upload-firebasehosting.googleapis.com/upload/sites/wivo-4bda2/versions/e92d0cf878209958/files/71131d24ed5cb1b767c2d014b9d70d75e48dd4e7ce62317d88437dd9fb3179cf [none]
[debug] [2021-11-26T13:19:44.168Z] >>> [apiv2][body] POST https://upload-firebasehosting.googleapis.com/upload/sites/wivo-4bda2/versions/e92d0cf878209958/files/71131d24ed5cb1b767c2d014b9d70d75e48dd4e7ce62317d88437dd9fb3179cf [stream]
[debug] [2021-11-26T13:19:44.169Z] >>> [apiv2][query] POST https://upload-firebasehosting.googleapis.com/upload/sites/wivo-4bda2/versions/e92d0cf878209958/files/a42043d5b593eea06a5c9d931ee134545720cc26e50a4791fbfff022966e12be [none]
[debug] [2021-11-26T13:19:44.169Z] >>> [apiv2][body] POST https://upload-firebasehosting.googleapis.com/upload/sites/wivo-4bda2/versions/e92d0cf878209958/files/a42043d5b593eea06a5c9d931ee134545720cc26e50a4791fbfff022966e12be [stream]
[debug] [2021-11-26T13:19:44.170Z] >>> [apiv2][query] POST https://upload-firebasehosting.googleapis.com/upload/sites/wivo-4bda2/versions/e92d0cf878209958/files/feefd63e3715e586b38343dd470789b740dcf278b4c6f820f8518f9a7a6ba739 [none]
[debug] [2021-11-26T13:19:44.170Z] >>> [apiv2][body] POST https://upload-firebasehosting.googleapis.com/upload/sites/wivo-4bda2/versions/e92d0cf878209958/files/feefd63e3715e586b38343dd470789b740dcf278b4c6f820f8518f9a7a6ba739 [stream]
[debug] [2021-11-26T13:19:44.171Z] [hosting][populate queue][FINAL] {"max":2156,"min":2156,"avg":2156,"active":0,"complete":1,"success":1,"errored":0,"retried":0,"total":1,"elapsed":2163}
[debug] [2021-11-26T13:19:44.171Z] [hosting] uploads queued: 7
[debug] [2021-11-26T13:19:45.827Z] <<< [apiv2][status] POST https://upload-firebasehosting.googleapis.com/upload/sites/wivo-4bda2/versions/e92d0cf878209958/files/9223cd6d137c51e954b4ec349d2a10ee3f73aff622965906aac08c927a92b743 200
[debug] [2021-11-26T13:19:45.827Z] <<< [apiv2][body] POST https://upload-firebasehosting.googleapis.com/upload/sites/wivo-4bda2/versions/e92d0cf878209958/files/9223cd6d137c51e954b4ec349d2a10ee3f73aff622965906aac08c927a92b743 [stream]
[debug] [2021-11-26T13:19:45.845Z] <<< [apiv2][status] POST https://upload-firebasehosting.googleapis.com/upload/sites/wivo-4bda2/versions/e92d0cf878209958/files/a42043d5b593eea06a5c9d931ee134545720cc26e50a4791fbfff022966e12be 200
[debug] [2021-11-26T13:19:45.845Z] <<< [apiv2][body] POST https://upload-firebasehosting.googleapis.com/upload/sites/wivo-4bda2/versions/e92d0cf878209958/files/a42043d5b593eea06a5c9d931ee134545720cc26e50a4791fbfff022966e12be [stream]
[debug] [2021-11-26T13:19:45.856Z] <<< [apiv2][status] POST https://upload-firebasehosting.googleapis.com/upload/sites/wivo-4bda2/versions/e92d0cf878209958/files/0e9d94d97cb0960f10f203d533edc09afc3fabd59d6de53b28617f877046d1ad 200
[debug] [2021-11-26T13:19:45.856Z] <<< [apiv2][body] POST https://upload-firebasehosting.googleapis.com/upload/sites/wivo-4bda2/versions/e92d0cf878209958/files/0e9d94d97cb0960f10f203d533edc09afc3fabd59d6de53b28617f877046d1ad [stream]
[debug] [2021-11-26T13:19:45.882Z] <<< [apiv2][status] POST https://upload-firebasehosting.googleapis.com/upload/sites/wivo-4bda2/versions/e92d0cf878209958/files/71131d24ed5cb1b767c2d014b9d70d75e48dd4e7ce62317d88437dd9fb3179cf 200
[debug] [2021-11-26T13:19:45.883Z] <<< [apiv2][body] POST https://upload-firebasehosting.googleapis.com/upload/sites/wivo-4bda2/versions/e92d0cf878209958/files/71131d24ed5cb1b767c2d014b9d70d75e48dd4e7ce62317d88437dd9fb3179cf [stream]
[debug] [2021-11-26T13:19:50.293Z] <<< [apiv2][status] POST https://upload-firebasehosting.googleapis.com/upload/sites/wivo-4bda2/versions/e92d0cf878209958/files/cd5ddb9aaf506b3a780bec412e6cfea77a202c75e83310db7860d5d57f941ffa 200
[debug] [2021-11-26T13:19:50.294Z] <<< [apiv2][body] POST https://upload-firebasehosting.googleapis.com/upload/sites/wivo-4bda2/versions/e92d0cf878209958/files/cd5ddb9aaf506b3a780bec412e6cfea77a202c75e83310db7860d5d57f941ffa [stream]
[debug] [2021-11-26T13:19:52.060Z] <<< [apiv2][status] POST https://upload-firebasehosting.googleapis.com/upload/sites/wivo-4bda2/versions/e92d0cf878209958/files/feefd63e3715e586b38343dd470789b740dcf278b4c6f820f8518f9a7a6ba739 200
[debug] [2021-11-26T13:19:52.060Z] <<< [apiv2][body] POST https://upload-firebasehosting.googleapis.com/upload/sites/wivo-4bda2/versions/e92d0cf878209958/files/feefd63e3715e586b38343dd470789b740dcf278b4c6f820f8518f9a7a6ba739 [stream]
[debug] [2021-11-26T13:20:05.676Z] [uploadQueue] Retrying task acb8cf238b24322914d30ec832461f2399916a8866ba19c25873278978b1981a
[debug] [2021-11-26T13:20:05.677Z] >>> [apiv2][query] POST https://upload-firebasehosting.googleapis.com/upload/sites/wivo-4bda2/versions/e92d0cf878209958/files/acb8cf238b24322914d30ec832461f2399916a8866ba19c25873278978b1981a [none]
[debug] [2021-11-26T13:20:05.677Z] >>> [apiv2][body] POST https://upload-firebasehosting.googleapis.com/upload/sites/wivo-4bda2/versions/e92d0cf878209958/files/acb8cf238b24322914d30ec832461f2399916a8866ba19c25873278978b1981a [stream]
[debug] [2021-11-26T13:20:07.278Z] <<< [apiv2][status] POST https://upload-firebasehosting.googleapis.com/upload/sites/wivo-4bda2/versions/e92d0cf878209958/files/acb8cf238b24322914d30ec832461f2399916a8866ba19c25873278978b1981a 200
[debug] [2021-11-26T13:20:07.278Z] <<< [apiv2][body] POST https://upload-firebasehosting.googleapis.com/upload/sites/wivo-4bda2/versions/e92d0cf878209958/files/acb8cf238b24322914d30ec832461f2399916a8866ba19c25873278978b1981a [stream]
[debug] [2021-11-26T13:20:07.279Z] [hosting][upload queue][FINAL] {"max":7897,"min":1601,"avg":3197.8571428571427,"active":0,"complete":7,"success":7,"errored":0,"retried":1,"total":7,"elapsed":23116}
[info] +  hosting[wivo-4bda2]: file upload complete 
[debug] [2021-11-26T13:20:07.279Z] [hosting] deploy completed after 25648ms
[debug] [2021-11-26T13:20:07.283Z] [
  {
    "config": {
      "public": "build",
      "ignore": [
        "firebase.json",
        "**/.*",
        "**/node_modules/**"
      ],
      "rewrites": [
        {
          "source": "**",
          "destination": "/index.html"
        }
      ],
      "site": "wivo-4bda2"
    },
    "site": "wivo-4bda2",
    "version": "sites/wivo-4bda2/versions/e92d0cf878209958"
  }
]
[info] i  hosting[wivo-4bda2]: finalizing version... 
[debug] [2021-11-26T13:20:07.284Z] > refreshing access token with scopes: ["email","https://www.googleapis.com/auth/cloud-platform","https://www.googleapis.com/auth/cloudplatformprojects.readonly","https://www.googleapis.com/auth/firebase","openid"]
[debug] [2021-11-26T13:20:07.284Z] >>> HTTP REQUEST POST https://www.googleapis.com/oauth2/v3/token  
 <request body omitted>
[debug] [2021-11-26T13:20:07.462Z] <<< HTTP RESPONSE 200 {"expires":"Mon, 01 Jan 1990 00:00:00 GMT","cache-control":"no-cache, no-store, max-age=0, must-revalidate","pragma":"no-cache","date":"Fri, 26 Nov 2021 13:20:11 GMT","content-type":"application/json; charset=utf-8","vary":"X-Origin, Referer, Origin,Accept-Encoding","server":"scaffolding on HTTPServer2","x-xss-protection":"0","x-frame-options":"SAMEORIGIN","x-content-type-options":"nosniff","alt-svc":"h3=\":443\"; ma=2592000,h3-29=\":443\"; ma=2592000,h3-Q050=\":443\"; ma=2592000,h3-Q046=\":443\"; ma=2592000,h3-Q043=\":443\"; ma=2592000,quic=\":443\"; ma=2592000; v=\"46,43\"","accept-ranges":"none","transfer-encoding":"chunked"}
[debug] [2021-11-26T13:20:07.472Z] >>> HTTP REQUEST PATCH https://firebasehosting.googleapis.com/v1beta1/sites/wivo-4bda2/versions/e92d0cf878209958?updateMask=status  
 {"status":"FINALIZED"}
[debug] [2021-11-26T13:20:09.300Z] <<< HTTP RESPONSE 200 {"content-type":"application/json; charset=UTF-8","vary":"X-Origin, Referer, Origin,Accept-Encoding","date":"Fri, 26 Nov 2021 13:20:13 GMT","server":"ESF","cache-control":"private","x-xss-protection":"0","x-frame-options":"SAMEORIGIN","x-content-type-options":"nosniff","alt-svc":"h3=\":443\"; ma=2592000,h3-29=\":443\"; ma=2592000,h3-Q050=\":443\"; ma=2592000,h3-Q046=\":443\"; ma=2592000,h3-Q043=\":443\"; ma=2592000,quic=\":443\"; ma=2592000; v=\"46,43\"","accept-ranges":"none","transfer-encoding":"chunked"}
[debug] [2021-11-26T13:20:09.300Z] [hosting] finalized version for wivo-4bda2: {"name":"sites/wivo-4bda2/versions/e92d0cf878209958","status":"FINALIZED","config":{"rewrites":[{"glob":"**","path":"/index.html"}]},"labels":{"deployment-tool":"cli-firebase"},"createTime":"2021-11-26T13:19:45.039333Z","createUser":{"email":"shumonshihab62@gmail.com"},"finalizeTime":"2021-11-26T13:20:13.011506Z","finalizeUser":{"email":"shumonshihab62@gmail.com"}}
[info] +  hosting[wivo-4bda2]: version finalized 
[info] i  hosting[wivo-4bda2]: releasing new version... 
[debug] [2021-11-26T13:20:09.301Z] >>> HTTP REQUEST POST https://firebasehosting.googleapis.com/v1beta1/sites/wivo-4bda2/releases?version_name=sites/wivo-4bda2/versions/e92d0cf878209958  
 {"message":null}
[debug] [2021-11-26T13:20:10.983Z] <<< HTTP RESPONSE 200 {"content-type":"application/json; charset=UTF-8","vary":"X-Origin, Referer, Origin,Accept-Encoding","date":"Fri, 26 Nov 2021 13:20:14 GMT","server":"ESF","cache-control":"private","x-xss-protection":"0","x-frame-options":"SAMEORIGIN","x-content-type-options":"nosniff","alt-svc":"h3=\":443\"; ma=2592000,h3-29=\":443\"; ma=2592000,h3-Q050=\":443\"; ma=2592000,h3-Q046=\":443\"; ma=2592000,h3-Q043=\":443\"; ma=2592000,quic=\":443\"; ma=2592000; v=\"46,43\"","accept-ranges":"none","transfer-encoding":"chunked"}
[debug] [2021-11-26T13:20:10.983Z] [hosting] release: {"name":"sites/wivo-4bda2/releases/1637932814052788","version":{"name":"sites/wivo-4bda2/versions/e92d0cf878209958","status":"FINALIZED","config":{"rewrites":[{"glob":"**","path":"/index.html"}]},"labels":{"deployment-tool":"cli-firebase"},"createTime":"2021-11-26T13:19:45.039333Z","createUser":{"email":"shumonshihab62@gmail.com"},"finalizeTime":"2021-11-26T13:20:13.011506Z","finalizeUser":{"email":"shumonshihab62@gmail.com"}},"type":"DEPLOY","releaseTime":"2021-11-26T13:20:14.052788478Z","releaseUser":{"email":"shumonshihab62@gmail.com"}}
[info] +  hosting[wivo-4bda2]: release complete 
[info] 
[info] +  Deploy complete! 
[info] 
[info] Project Console: https://console.firebase.google.com/project/wivo-4bda2/overview
[info] Hosting URL: https://wivo-4bda2.web.app
